<?xml version="1.0" encoding="UTF-8"?>
<!-- Generated by org.testng.reporters.JUnitReportReporter -->
<testsuite hostname="QSP" failures="0" tests="1" name="TestNgBPG1.Ducati" time="4.962" errors="0" timestamp="2024-01-26T11:29:00 IST" skipped="0">
  <testcase classname="TestNgBPG1.Ducati" name="ducati" time="4.962"/>
</testsuite> <!-- TestNgBPG1.Ducati -->
