<?xml version="1.0" encoding="UTF-8"?>
<!-- Generated by org.testng.reporters.JUnitReportReporter -->
<testsuite hostname="QSP" failures="0" tests="2" name="DataProviderwithExternel.dynamicRowCell$DataProviderWithExcel" time="6.627" errors="0" timestamp="2024-01-30T11:56:09 IST" skipped="0">
  <testcase classname="DataProviderwithExternel.dynamicRowCell$DataProviderWithExcel" name="receiver" time="2.508"/>
  <testcase classname="DataProviderwithExternel.dynamicRowCell$DataProviderWithExcel" name="receiver" time="4.119"/>
</testsuite> <!-- DataProviderwithExternel.dynamicRowCell$DataProviderWithExcel -->
