<?xml version="1.0" encoding="UTF-8"?>
<!-- Generated by org.testng.reporters.JUnitReportReporter -->
<testsuite hostname="QSP" failures="0" tests="2" name="Parameterized.UrlParameterized" time="16.167" errors="0" timestamp="2024-01-31T10:33:57 IST" skipped="0">
  <testcase classname="Parameterized.UrlParameterized" name="dws1" time="4.876"/>
  <testcase classname="Parameterized.UrlParameterized" name="dws" time="11.291"/>
</testsuite> <!-- Parameterized.UrlParameterized -->
