<?xml version="1.0" encoding="UTF-8"?>
<!-- Generated by org.testng.reporters.JUnitReportReporter -->
<testsuite hostname="QSP" failures="0" tests="1" name="POM.ExecuteDWSHomePage" time="7.709" errors="0" timestamp="2024-02-01T11:05:21 IST" skipped="0">
  <testcase classname="POM.ExecuteDWSHomePage" name="reciever" time="7.709"/>
</testsuite> <!-- POM.ExecuteDWSHomePage -->
