<?xml version="1.0" encoding="UTF-8"?>
<!-- Generated by org.testng.reporters.JUnitReportReporter -->
<testsuite hostname="QSP" failures="0" tests="1" name="Testng1.AddToCartByChronologicalOrder" time="2.750" errors="0" timestamp="2024-01-25T11:26:40 IST" skipped="0">
  <testcase classname="Testng1.AddToCartByChronologicalOrder" name="addToCart" time="2.750"/>
</testsuite> <!-- Testng1.AddToCartByChronologicalOrder -->
