<?xml version="1.0" encoding="UTF-8"?>
<!-- Generated by org.testng.reporters.JUnitReportReporter -->
<testsuite hostname="QSP" failures="0" tests="1" name="JavaScriptExecutor.Sample" time="9.314" errors="0" timestamp="2024-01-22T15:32:52 IST" skipped="0">
  <testcase classname="JavaScriptExecutor.Sample" name="m2" time="9.314"/>
</testsuite> <!-- JavaScriptExecutor.Sample -->
