<?xml version="1.0" encoding="UTF-8"?>
<!-- Generated by org.testng.reporters.JUnitReportReporter -->
<testsuite hostname="QSP" failures="0" tests="2" name="Testng1.DataProviderSenderAndReceiver" time="5.816" errors="0" timestamp="2024-01-29T11:11:03 IST" skipped="0">
  <testcase classname="Testng1.DataProviderSenderAndReceiver" name="receiver" time="2.095"/>
  <testcase classname="Testng1.DataProviderSenderAndReceiver" name="receiver" time="3.721"/>
</testsuite> <!-- Testng1.DataProviderSenderAndReceiver -->
