<?xml version="1.0" encoding="UTF-8"?>
<!-- Generated by org.testng.reporters.JUnitReportReporter -->
<testsuite hostname="QSP" failures="0" tests="1" name="TestNgBPG1.Bmw" time="4.497" errors="0" timestamp="2024-01-26T11:29:00 IST" skipped="0">
  <testcase classname="TestNgBPG1.Bmw" name="bmw" time="4.497"/>
</testsuite> <!-- TestNgBPG1.Bmw -->
