<?xml version="1.0" encoding="UTF-8"?>
<!-- Generated by org.testng.reporters.JUnitReportReporter -->
<testsuite hostname="QSP" failures="0" tests="1" name="Basic.ListenersReceiver" time="0.013" errors="0" timestamp="2024-02-01T09:38:37 IST" skipped="0">
  <testcase classname="Basic.ListenersReceiver" name="receiver" time="0.013"/>
</testsuite> <!-- Basic.ListenersReceiver -->
