<?xml version="1.0" encoding="UTF-8"?>
<!-- Generated by org.testng.reporters.JUnitReportReporter -->
<testsuite hostname="QSP" failures="0" tests="3" name="Testng1.DWS" time="0.024" errors="0" timestamp="2024-01-24T11:03:26 IST" skipped="0">
  <testcase classname="Testng1.DWS" name="dws" time="0.007">
    <system-out>
      <![CDATA[dws]]>
    </system-out>
  </testcase> <!-- dws -->
  <testcase classname="Testng1.DWS" name="cat" time="0.014"/>
  <testcase classname="Testng1.DWS" name="test1" time="0.003"/>
  <system-out>
    <![CDATA[dws]]>
  </system-out>
</testsuite> <!-- Testng1.DWS -->
