<?xml version="1.0" encoding="UTF-8"?>
<!-- Generated by org.testng.reporters.JUnitReportReporter -->
<testsuite hostname="QSP" failures="0" tests="1" name="TestNgBPG2.Woodland" time="7.229" errors="0" timestamp="2024-01-26T11:13:51 IST" skipped="0">
  <testcase classname="TestNgBPG2.Woodland" name="woodland" time="7.229"/>
</testsuite> <!-- TestNgBPG2.Woodland -->
