<?xml version="1.0" encoding="UTF-8"?>
<!-- Generated by org.testng.reporters.JUnitReportReporter -->
<testsuite hostname="QSP" failures="0" tests="2" name="DataProviderwithExternel.DataProviderWithExcel" time="5.916" errors="0" timestamp="2024-01-30T11:49:21 IST" skipped="0">
  <testcase classname="DataProviderwithExternel.DataProviderWithExcel" name="receiver" time="2.071"/>
  <testcase classname="DataProviderwithExternel.DataProviderWithExcel" name="receiver" time="3.845"/>
</testsuite> <!-- DataProviderwithExternel.DataProviderWithExcel -->
