<?xml version="1.0" encoding="UTF-8"?>
<!-- Generated by org.testng.reporters.JUnitReportReporter -->
<testsuite hostname="QSP" failures="0" tests="1" name="TestNgBPG1.Honda" time="7.065" errors="0" timestamp="2024-01-26T11:39:35 IST" skipped="0">
  <testcase classname="TestNgBPG1.Honda" name="honda" time="7.065"/>
</testsuite> <!-- TestNgBPG1.Honda -->
