<?xml version="1.0" encoding="UTF-8"?>
<!-- Generated by org.testng.reporters.JUnitReportReporter -->
<testsuite hostname="QSP" failures="0" tests="1" name="Testng1.TestngAndMain" time="13.593" errors="0" timestamp="2024-01-24T11:25:02 IST" skipped="0">
  <testcase classname="Testng1.TestngAndMain" name="royalEnfield" time="13.593"/>
</testsuite> <!-- Testng1.TestngAndMain -->
