<?xml version="1.0" encoding="UTF-8"?>
<!-- Generated by org.testng.reporters.JUnitReportReporter -->
<testsuite hostname="QSP" failures="0" tests="3" name="Testng1.DependsOnMethod" time="14.657" errors="0" timestamp="2024-01-26T11:55:50 IST" skipped="0">
  <testcase classname="Testng1.DependsOnMethod" name="agoda" time="4.566"/>
  <testcase classname="Testng1.DependsOnMethod" name="dws" time="5.696"/>
  <testcase classname="Testng1.DependsOnMethod" name="redbus" time="4.395"/>
</testsuite> <!-- Testng1.DependsOnMethod -->
