<?xml version="1.0" encoding="UTF-8"?>
<!-- Generated by org.testng.reporters.JUnitReportReporter -->
<testsuite hostname="QSP" failures="0" tests="1" name="Testng1.FetchingTheDataFromExternel" time="11.448" errors="0" timestamp="2024-01-30T10:46:17 IST" skipped="0">
  <testcase classname="Testng1.FetchingTheDataFromExternel" name="loginDWS" time="11.448"/>
</testsuite> <!-- Testng1.FetchingTheDataFromExternel -->
