<?xml version="1.0" encoding="UTF-8"?>
<!-- Generated by org.testng.reporters.JUnitReportReporter -->
<testsuite hostname="QSP" failures="0" tests="1" name="Assertion.hardAssert" time="6.254" errors="0" timestamp="2024-01-31T11:54:08 IST" skipped="0">
  <testcase classname="Assertion.hardAssert" name="dws" time="6.254"/>
</testsuite> <!-- Assertion.hardAssert -->
