<?xml version="1.0" encoding="UTF-8"?>
<!-- Generated by org.testng.reporters.JUnitReportReporter -->
<testsuite hostname="QSP" failures="0" tests="1" name="TestNgBPG1.RoyalEnfield" time="9.709" errors="0" timestamp="2024-01-26T11:27:46 IST" skipped="0">
  <testcase classname="TestNgBPG1.RoyalEnfield" name="royalEnfield" time="9.709"/>
</testsuite> <!-- TestNgBPG1.RoyalEnfield -->
