<?xml version="1.0" encoding="UTF-8"?>
<!-- Generated by org.testng.reporters.JUnitReportReporter -->
<testsuite hostname="QSP" failures="0" tests="6" name="Testng1.Priorty" time="32.769" errors="0" timestamp="2024-01-24T11:53:41 IST" skipped="0">
  <testcase classname="Testng1.Priorty" name="royalEnfield" time="8.949"/>
  <testcase classname="Testng1.Priorty" name="agoda" time="3.903"/>
  <testcase classname="Testng1.Priorty" name="redbus" time="3.428"/>
  <testcase classname="Testng1.Priorty" name="dws" time="5.201"/>
  <testcase classname="Testng1.Priorty" name="dws" time="5.540"/>
  <testcase classname="Testng1.Priorty" name="bmw" time="5.748"/>
</testsuite> <!-- Testng1.Priorty -->
